#
# There is insufficient memory for the Java Runtime Environment to continue.
# Native memory allocation (malloc) failed to allocate 32744 bytes. Error detail: ChunkPool::allocate
# Possible reasons:
#   The system is out of physical RAM or swap space
#   This process is running with CompressedOops enabled, and the Java Heap may be blocking the growth of the native heap
# Possible solutions:
#   Reduce memory load on the system
#   Increase physical memory or swap space
#   Check if swap backing store is full
#   Decrease Java heap size (-Xmx/-Xms)
#   Decrease number of Java threads
#   Decrease Java thread stack sizes (-Xss)
#   Set larger code cache with -XX:ReservedCodeCacheSize=
#   JVM is running with Zero Based Compressed Oops mode in which the Java heap is
#     placed in the first 32GB address space. The Java Heap base address is the
#     maximum limit for the native heap growth. Please use -XX:HeapBaseMinAddress
#     to set the Java Heap base and to place the Java Heap above 32GB virtual address.
# This output file may be truncated or incomplete.
#
#  Out of Memory Error (arena.cpp:79), pid=10196, tid=12592
#
# JRE version: OpenJDK Runtime Environment Temurin-17.0.13+11 (17.0.13+11) (build 17.0.13+11)
# Java VM: OpenJDK 64-Bit Server VM Temurin-17.0.13+11 (17.0.13+11, mixed mode, tiered, compressed oops, compressed class ptrs, g1 gc, windows-amd64)
# No core dump will be written. Minidumps are not enabled by default on client versions of Windows
#

---------------  S U M M A R Y ------------

Command Line: -ea -XX:+ShowCodeDetailsInExceptionMessages -Dfile.encoding=UTF-8 org.eclipse.jdt.internal.junit.runner.RemoteTestRunner -version 3 -port 61599 -testLoaderClass org.eclipse.jdt.internal.junit5.runner.JUnit5TestLoader -loaderpluginname org.eclipse.jdt.junit5.runtime -test MainCode.JobsLaunchTests.ADLaunchTest:ADLaunch

Host: Intel(R) Core(TM) i7-6700HQ CPU @ 2.60GHz, 8 cores, 11G,  Windows 10 , 64 bit Build 19041 (10.0.19041.4717)
Time: Fri Nov  8 18:04:10 2024  Windows 10 , 64 bit Build 19041 (10.0.19041.4717) elapsed time: 73.541462 seconds (0d 0h 1m 13s)

---------------  T H R E A D  ---------------

Current thread (0x000001aa558cef60):  JavaThread "C2 CompilerThread0" daemon [_thread_in_native, id=12592, stack(0x00000015b9200000,0x00000015b9300000)]


Current CompileTask:
C2:  73542 3340       4       jdk.internal.loader.URLClassPath::getResource (74 bytes)

Stack: [0x00000015b9200000,0x00000015b9300000]
Native frames: (J=compiled Java code, j=interpreted, Vv=VM code, C=native code)
V  [jvm.dll+0x682a19]
V  [jvm.dll+0x839538]
V  [jvm.dll+0x83afe3]
V  [jvm.dll+0x83b653]
V  [jvm.dll+0x24704f]
V  [jvm.dll+0xad03c]
V  [jvm.dll+0xad4cc]
V  [jvm.dll+0x60e4ce]
V  [jvm.dll+0x613d5c]
V  [jvm.dll+0x614c5c]
V  [jvm.dll+0x61312c]
V  [jvm.dll+0x217ece]
V  [jvm.dll+0x21748f]
V  [jvm.dll+0x1a3070]
V  [jvm.dll+0x22788c]
V  [jvm.dll+0x2259eb]
V  [jvm.dll+0x7eec98]
V  [jvm.dll+0x7e8ffc]
V  [jvm.dll+0x6818f7]
C  [ucrtbase.dll+0x21bb2]
C  [KERNEL32.DLL+0x17374]
C  [ntdll.dll+0x4cc91]


---------------  P R O C E S S  ---------------

Threads class SMR info:
_java_thread_list=0x000001aa55a88270, length=37, elements={
0x000001aa37dd7a90, 0x000001aa5587bea0, 0x000001aa5587e550, 0x000001aa558c4c50,
0x000001aa558c7c40, 0x000001aa558c8810, 0x000001aa558c99f0, 0x000001aa558cef60,
0x000001aa558e1aa0, 0x000001aa558f0ba0, 0x000001aa55a68720, 0x000001aa55a7c2f0,
0x000001aa5a205630, 0x000001aa5abfe7c0, 0x000001aa5a8d7040, 0x000001aa5ac7d8e0,
0x000001aa5ac7f230, 0x000001aa5ac7e810, 0x000001aa5ac7ed20, 0x000001aa5ac7fc50,
0x000001aa5ac7c4a0, 0x000001aa5ac7c9b0, 0x000001aa5ac7e300, 0x000001aa55986280,
0x000001aa559876c0, 0x000001aa5598a960, 0x000001aa55987bd0, 0x000001aa55984930,
0x000001aa55989010, 0x000001aa55989a30, 0x000001aa55989f40, 0x000001aa55984e40,
0x000001aa559880e0, 0x000001aa5598a450, 0x000001aa55985350, 0x000001aa558e2a90,
0x000001aa558e2540
}

Java Threads: ( => current thread )
  0x000001aa37dd7a90 JavaThread "main" [_thread_in_native, id=9704, stack(0x00000015b8500000,0x00000015b8600000)]
  0x000001aa5587bea0 JavaThread "Reference Handler" daemon [_thread_blocked, id=11872, stack(0x00000015b8c00000,0x00000015b8d00000)]
  0x000001aa5587e550 JavaThread "Finalizer" daemon [_thread_blocked, id=15088, stack(0x00000015b8d00000,0x00000015b8e00000)]
  0x000001aa558c4c50 JavaThread "Signal Dispatcher" daemon [_thread_blocked, id=6248, stack(0x00000015b8e00000,0x00000015b8f00000)]
  0x000001aa558c7c40 JavaThread "Attach Listener" daemon [_thread_blocked, id=8516, stack(0x00000015b8f00000,0x00000015b9000000)]
  0x000001aa558c8810 JavaThread "Service Thread" daemon [_thread_blocked, id=17264, stack(0x00000015b9000000,0x00000015b9100000)]
  0x000001aa558c99f0 JavaThread "Monitor Deflation Thread" daemon [_thread_blocked, id=19928, stack(0x00000015b9100000,0x00000015b9200000)]
=>0x000001aa558cef60 JavaThread "C2 CompilerThread0" daemon [_thread_in_native, id=12592, stack(0x00000015b9200000,0x00000015b9300000)]
  0x000001aa558e1aa0 JavaThread "C1 CompilerThread0" daemon [_thread_blocked, id=17396, stack(0x00000015b9300000,0x00000015b9400000)]
  0x000001aa558f0ba0 JavaThread "Sweeper thread" daemon [_thread_blocked, id=4076, stack(0x00000015b9400000,0x00000015b9500000)]
  0x000001aa55a68720 JavaThread "Notification Thread" daemon [_thread_blocked, id=17884, stack(0x00000015b9500000,0x00000015b9600000)]
  0x000001aa55a7c2f0 JavaThread "Common-Cleaner" daemon [_thread_blocked, id=19808, stack(0x00000015b9700000,0x00000015b9800000)]
  0x000001aa5a205630 JavaThread "ReaderThread" [_thread_in_Java, id=5072, stack(0x00000015b9900000,0x00000015b9a00000)]
  0x000001aa5abfe7c0 JavaThread "ForkJoinPool.commonPool-worker-1" daemon [_thread_blocked, id=16320, stack(0x00000015ba500000,0x00000015ba600000)]
  0x000001aa5a8d7040 JavaThread "HttpClient-2-SelectorManager" daemon [_thread_in_native, id=16376, stack(0x00000015ba600000,0x00000015ba700000)]
  0x000001aa5ac7d8e0 JavaThread "External Process Output Forwarder - C:\Users\Lenovo\.cache\selenium\chromedriver\win64\130.0.6723.116\chromedriver.exe" daemon [_thread_in_native, id=6660, stack(0x00000015ba700000,0x00000015ba800000)]
  0x000001aa5ac7f230 JavaThread "Driver Service Executor" daemon [_thread_blocked, id=12332, stack(0x00000015ba800000,0x00000015ba900000)]
  0x000001aa5ac7e810 JavaThread "Driver Service Executor" daemon [_thread_blocked, id=13308, stack(0x00000015ba900000,0x00000015baa00000)]
  0x000001aa5ac7ed20 JavaThread "UrlChecker-2" daemon [_thread_blocked, id=6292, stack(0x00000015baa00000,0x00000015bab00000)]
  0x000001aa5ac7fc50 JavaThread "JdkHttpClient-0-0" daemon [_thread_blocked, id=20464, stack(0x00000015bac00000,0x00000015bad00000)]
  0x000001aa5ac7c4a0 JavaThread "JdkHttpClient-0-1" daemon [_thread_blocked, id=4920, stack(0x00000015bad00000,0x00000015bae00000)]
  0x000001aa5ac7c9b0 JavaThread "JdkHttpClient-0-2" daemon [_thread_blocked, id=5792, stack(0x00000015bae00000,0x00000015baf00000)]
  0x000001aa5ac7e300 JavaThread "HttpClient-3-SelectorManager" daemon [_thread_in_native, id=18700, stack(0x00000015ba100000,0x00000015ba200000)]
  0x000001aa55986280 JavaThread "HttpClient-4-SelectorManager" daemon [_thread_in_native, id=15860, stack(0x00000015bb100000,0x00000015bb200000)]
  0x000001aa559876c0 JavaThread "External Process Output Forwarder - C:\Users\Lenovo\.cache\selenium\chromedriver\win64\130.0.6723.116\chromedriver.exe" daemon [_thread_in_native, id=16116, stack(0x00000015bb200000,0x00000015bb300000)]
  0x000001aa5598a960 JavaThread "Driver Service Executor" daemon [_thread_blocked, id=1500, stack(0x00000015bb300000,0x00000015bb400000)]
  0x000001aa55987bd0 JavaThread "Driver Service Executor" daemon [_thread_blocked, id=15748, stack(0x00000015bb400000,0x00000015bb500000)]
  0x000001aa55984930 JavaThread "JdkHttpClient-2-0" daemon [_thread_blocked, id=19280, stack(0x00000015bb600000,0x00000015bb700000)]
  0x000001aa55989010 JavaThread "JdkHttpClient-2-1" daemon [_thread_blocked, id=16840, stack(0x00000015bb700000,0x00000015bb800000)]
  0x000001aa55989a30 JavaThread "HttpClient-5-SelectorManager" daemon [_thread_in_native, id=21604, stack(0x00000015bb800000,0x00000015bb900000)]
  0x000001aa55989f40 JavaThread "JdkHttpClient-3-0" daemon [_thread_blocked, id=14560, stack(0x00000015bb900000,0x00000015bba00000)]
  0x000001aa55984e40 JavaThread "JdkHttpClient-3-1" daemon [_thread_blocked, id=21144, stack(0x00000015bba00000,0x00000015bbb00000)]
  0x000001aa559880e0 JavaThread "JdkHttpClient-3-2" daemon [_thread_blocked, id=16572, stack(0x00000015bbb00000,0x00000015bbc00000)]
  0x000001aa5598a450 JavaThread "JdkHttpClient-2-2" daemon [_thread_blocked, id=16800, stack(0x00000015bbc00000,0x00000015bbd00000)]
  0x000001aa55985350 JavaThread "External Process Output Forwarder - C:\Users\Lenovo\.cache\selenium\manager\0.4.25\selenium-manager.exe" daemon [_thread_in_native, id=9188, stack(0x00000015b8200000,0x00000015b8300000)]
  0x000001aa558e2a90 JavaThread "C2 CompilerThread1" daemon [_thread_in_native, id=7688, stack(0x00000015b8300000,0x00000015b8400000)]
  0x000001aa558e2540 JavaThread "C2 CompilerThread2" daemon [_thread_blocked, id=17268, stack(0x00000015b8400000,0x00000015b8500000)]

Other Threads:
  0x000001aa55876b80 VMThread "VM Thread" [stack: 0x00000015b8b00000,0x00000015b8c00000] [id=15008]
  0x000001aa55a6d030 WatcherThread [stack: 0x00000015b9600000,0x00000015b9700000] [id=6448]
  0x000001aa37e2fe30 GCTaskThread "GC Thread#0" [stack: 0x00000015b8600000,0x00000015b8700000] [id=10636]
  0x000001aa5a656b70 GCTaskThread "GC Thread#1" [stack: 0x00000015b9a00000,0x00000015b9b00000] [id=17888]
  0x000001aa5a656e30 GCTaskThread "GC Thread#2" [stack: 0x00000015b9b00000,0x00000015b9c00000] [id=8816]
  0x000001aa5a649b30 GCTaskThread "GC Thread#3" [stack: 0x00000015b9c00000,0x00000015b9d00000] [id=19196]
  0x000001aa5a6cf990 GCTaskThread "GC Thread#4" [stack: 0x00000015b9d00000,0x00000015b9e00000] [id=16176]
  0x000001aa5a71aae0 GCTaskThread "GC Thread#5" [stack: 0x00000015b9e00000,0x00000015b9f00000] [id=4508]
  0x000001aa5a6d3db0 GCTaskThread "GC Thread#6" [stack: 0x00000015b9f00000,0x00000015ba000000] [id=9120]
  0x000001aa5a7de490 GCTaskThread "GC Thread#7" [stack: 0x00000015ba000000,0x00000015ba100000] [id=17484]
  0x000001aa37e3cad0 ConcurrentGCThread "G1 Main Marker" [stack: 0x00000015b8700000,0x00000015b8800000] [id=21284]
  0x000001aa37e3dc90 ConcurrentGCThread "G1 Conc#0" [stack: 0x00000015b8800000,0x00000015b8900000] [id=17380]
  0x000001aa5a8d81b0 ConcurrentGCThread "G1 Conc#1" [stack: 0x00000015b9800000,0x00000015b9900000] [id=7808]
  0x000001aa556e20c0 ConcurrentGCThread "G1 Refine#0" [stack: 0x00000015b8900000,0x00000015b8a00000] [id=1956]
  0x000001aa556e2a00 ConcurrentGCThread "G1 Service" [stack: 0x00000015b8a00000,0x00000015b8b00000] [id=15908]

Threads with active compile tasks:
C2 CompilerThread0    73650 3340       4       jdk.internal.loader.URLClassPath::getResource (74 bytes)
C2 CompilerThread1    73650 3356       4       java.lang.invoke.MethodType::makeImpl (109 bytes)

VM state: not at safepoint (normal execution)

VM Mutex/Monitor currently owned by a thread: None

Heap address: 0x0000000742a00000, size: 3030 MB, Compressed Oops mode: Zero based, Oop shift amount: 3

CDS archive(s) not mapped
Compressed class space mapped at: 0x0000000800000000-0x0000000840000000, reserved size: 1073741824
Narrow klass base: 0x0000000800000000, Narrow klass shift: 0, Narrow klass range: 0x40000000

GC Precious Log:
 CPUs: 8 total, 8 available
 Memory: 12115M
 Large Page Support: Disabled
 NUMA Support: Disabled
 Compressed Oops: Enabled (Zero based)
 Heap Region Size: 2M
 Heap Min Capacity: 8M
 Heap Initial Capacity: 190M
 Heap Max Capacity: 3030M
 Pre-touch: Disabled
 Parallel Workers: 8
 Concurrent Workers: 2
 Concurrent Refinement Workers: 8
 Periodic GC: Disabled

Heap:
 garbage-first heap   total 40960K, used 27737K [0x0000000742a00000, 0x0000000800000000)
  region size 2048K, 11 young (22528K), 1 survivors (2048K)
 Metaspace       used 25073K, committed 25408K, reserved 1114112K
  class space    used 3104K, committed 3264K, reserved 1048576K

Heap Regions: E=young(eden), S=young(survivor), O=old, HS=humongous(starts), HC=humongous(continues), CS=collection set, F=free, OA=open archive, CA=closed archive, TAMS=top-at-mark-start (previous, next)
|   0|0x0000000742a00000, 0x0000000742c00000, 0x0000000742c00000|100%| O|  |TAMS 0x0000000742ac2400, 0x0000000742a00000| Untracked 
|   1|0x0000000742c00000, 0x0000000742e00000, 0x0000000742e00000|100%| O|  |TAMS 0x0000000742c00000, 0x0000000742c00000| Untracked 
|   2|0x0000000742e00000, 0x0000000742e00000, 0x0000000743000000|  0%| F|  |TAMS 0x0000000742e00000, 0x0000000742e00000| Untracked 
|   3|0x0000000743000000, 0x0000000743200000, 0x0000000743200000|100%| O|  |TAMS 0x0000000743000000, 0x0000000743000000| Untracked 
|   4|0x0000000743200000, 0x00000007433b2400, 0x0000000743400000| 84%| O|  |TAMS 0x0000000743200000, 0x0000000743200000| Untracked 
|   5|0x0000000743400000, 0x0000000743400000, 0x0000000743600000|  0%| F|  |TAMS 0x0000000743400000, 0x0000000743400000| Untracked 
|   6|0x0000000743600000, 0x0000000743600000, 0x0000000743800000|  0%| F|  |TAMS 0x0000000743600000, 0x0000000743600000| Untracked 
|   7|0x0000000743800000, 0x0000000743800000, 0x0000000743a00000|  0%| F|  |TAMS 0x0000000743800000, 0x0000000743800000| Untracked 
|   8|0x0000000743a00000, 0x0000000743a65940, 0x0000000743c00000| 19%| E|  |TAMS 0x0000000743a00000, 0x0000000743a00000| Complete 
|   9|0x0000000743c00000, 0x0000000743d643b0, 0x0000000743e00000| 69%| S|CS|TAMS 0x0000000743c00000, 0x0000000743c00000| Complete 
|  10|0x0000000743e00000, 0x0000000744000000, 0x0000000744000000|100%| E|CS|TAMS 0x0000000743e00000, 0x0000000743e00000| Complete 
|  11|0x0000000744000000, 0x0000000744200000, 0x0000000744200000|100%| E|CS|TAMS 0x0000000744000000, 0x0000000744000000| Complete 
|  12|0x0000000744200000, 0x0000000744400000, 0x0000000744400000|100%| E|CS|TAMS 0x0000000744200000, 0x0000000744200000| Complete 
|  13|0x0000000744400000, 0x0000000744600000, 0x0000000744600000|100%| E|CS|TAMS 0x0000000744400000, 0x0000000744400000| Complete 
|  14|0x0000000744600000, 0x0000000744800000, 0x0000000744800000|100%| E|CS|TAMS 0x0000000744600000, 0x0000000744600000| Complete 
|  15|0x0000000744800000, 0x0000000744a00000, 0x0000000744a00000|100%| E|CS|TAMS 0x0000000744800000, 0x0000000744800000| Complete 
|  16|0x0000000744a00000, 0x0000000744c00000, 0x0000000744c00000|100%| E|CS|TAMS 0x0000000744a00000, 0x0000000744a00000| Complete 
|  80|0x000000074ca00000, 0x000000074cc00000, 0x000000074cc00000|100%| E|CS|TAMS 0x000000074ca00000, 0x000000074ca00000| Complete 
|  81|0x000000074cc00000, 0x000000074ce00000, 0x000000074ce00000|100%| E|CS|TAMS 0x000000074cc00000, 0x000000074cc00000| Complete 
|  94|0x000000074e600000, 0x000000074e800000, 0x000000074e800000|100%| E|CS|TAMS 0x000000074e600000, 0x000000074e600000| Complete 

Card table byte_map: [0x000001aa4c2f0000,0x000001aa4c8e0000] _byte_map_base: 0x000001aa488db000

Marking Bits (Prev, Next): (CMBitMap*) 0x000001aa37e30490, (CMBitMap*) 0x000001aa37e30450
 Prev Bits: [0x000001aa4fe30000, 0x000001aa52d88000)
 Next Bits: [0x000001aa4ced0000, 0x000001aa4fe28000)

Polling page: 0x000001aa37e90000

Metaspace:

Usage:
  Non-class:     21.45 MB used.
      Class:      3.03 MB used.
       Both:     24.49 MB used.

Virtual space:
  Non-class space:       64.00 MB reserved,      21.62 MB ( 34%) committed,  1 nodes.
      Class space:        1.00 GB reserved,       3.19 MB ( <1%) committed,  1 nodes.
             Both:        1.06 GB reserved,      24.81 MB (  2%) committed. 

Chunk freelists:
   Non-Class:  10.16 MB
       Class:  12.72 MB
        Both:  22.88 MB

MaxMetaspaceSize: unlimited
CompressedClassSpaceSize: 1.00 GB
Initial GC threshold: 21.00 MB
Current GC threshold: 35.12 MB
CDS: off
MetaspaceReclaimPolicy: balanced
 - commit_granule_bytes: 65536.
 - commit_granule_words: 8192.
 - virtual_space_node_default_size: 8388608.
 - enlarge_chunks_in_place: 1.
 - new_chunks_are_fully_committed: 0.
 - uncommit_free_chunks: 1.
 - use_allocation_guard: 0.
 - handle_deallocations: 1.


Internal statistics:

num_allocs_failed_limit: 3.
num_arena_births: 324.
num_arena_deaths: 0.
num_vsnodes_births: 2.
num_vsnodes_deaths: 0.
num_space_committed: 397.
num_space_uncommitted: 0.
num_chunks_returned_to_freelist: 3.
num_chunks_taken_from_freelist: 817.
num_chunk_merges: 3.
num_chunk_splits: 453.
num_chunks_enlarged: 263.
num_inconsistent_stats: 0.

CodeHeap 'non-profiled nmethods': size=120000Kb used=1231Kb max_used=1231Kb free=118768Kb
 bounds [0x000001aa43d50000, 0x000001aa43fc0000, 0x000001aa4b280000]
CodeHeap 'profiled nmethods': size=120000Kb used=6878Kb max_used=6878Kb free=113121Kb
 bounds [0x000001aa3c280000, 0x000001aa3c940000, 0x000001aa437b0000]
CodeHeap 'non-nmethods': size=5760Kb used=1244Kb max_used=1296Kb free=4515Kb
 bounds [0x000001aa437b0000, 0x000001aa43a20000, 0x000001aa43d50000]
 total_blobs=3996 nmethods=3449 adapters=459
 compilation: enabled
              stopped_count=0, restarted_count=0
 full_count=0

Compilation events (20 events):
Event: 71.289 Thread 0x000001aa558e1aa0 3342       3       java.util.stream.AbstractPipeline::exactOutputSizeIfKnown (86 bytes)
Event: 71.290 Thread 0x000001aa558e1aa0 nmethod 3342 0x000001aa3c907790 code [0x000001aa3c907980, 0x000001aa3c908008]
Event: 71.290 Thread 0x000001aa558e1aa0 3343       3       java.util.stream.Streams$ConcatSpliterator::characteristics (56 bytes)
Event: 71.291 Thread 0x000001aa558e1aa0 nmethod 3343 0x000001aa3c908290 code [0x000001aa3c908460, 0x000001aa3c9088a8]
Event: 71.291 Thread 0x000001aa558e1aa0 3344       3       java.util.stream.StreamSpliterators$AbstractWrappingSpliterator::estimateSize (27 bytes)
Event: 71.292 Thread 0x000001aa558e1aa0 nmethod 3344 0x000001aa3c908a10 code [0x000001aa3c908c00, 0x000001aa3c909288]
Event: 71.293 Thread 0x000001aa558e1aa0 3345       3       org.junit.platform.commons.util.AnnotationUtils::findMetaAnnotation (84 bytes)
Event: 71.294 Thread 0x000001aa558e1aa0 nmethod 3345 0x000001aa3c909410 code [0x000001aa3c909640, 0x000001aa3c909e88]
Event: 71.294 Thread 0x000001aa558e1aa0 3346       3       java.util.LinkedHashMap$LinkedValues::toArray (16 bytes)
Event: 71.295 Thread 0x000001aa558e1aa0 nmethod 3346 0x000001aa3c90a210 code [0x000001aa3c90a3c0, 0x000001aa3c90a558]
Event: 71.295 Thread 0x000001aa558e1aa0 3347       3       java.util.ArrayList::addAll (76 bytes)
Event: 71.296 Thread 0x000001aa558e1aa0 nmethod 3347 0x000001aa3c90a690 code [0x000001aa3c90a860, 0x000001aa3c90ace8]
Event: 71.296 Thread 0x000001aa558e1aa0 3348       3       org.junit.jupiter.engine.extension.MutableExtensionRegistry$$Lambda$302/0x0000000800136d28::test (12 bytes)
Event: 71.297 Thread 0x000001aa558e1aa0 nmethod 3348 0x000001aa3c90ae90 code [0x000001aa3c90b040, 0x000001aa3c90b298]
Event: 71.310 Thread 0x000001aa558e1aa0 3349       3       java.util.ArrayList$ArrayListSpliterator::forEachRemaining (127 bytes)
Event: 71.311 Thread 0x000001aa558e1aa0 nmethod 3349 0x000001aa3c90b390 code [0x000001aa3c90b580, 0x000001aa3c90bb28]
Event: 71.311 Thread 0x000001aa558e1aa0 3350       3       java.util.concurrent.ConcurrentHashMap$MapEntry::<init> (20 bytes)
Event: 71.311 Thread 0x000001aa558e1aa0 nmethod 3350 0x000001aa3c90bd90 code [0x000001aa3c90bf40, 0x000001aa3c90c1d8]
Event: 71.311 Thread 0x000001aa558e1aa0 3351       3       java.util.concurrent.ConcurrentHashMap$EntryIterator::next (5 bytes)
Event: 71.312 Thread 0x000001aa558e1aa0 nmethod 3351 0x000001aa3c90c290 code [0x000001aa3c90c420, 0x000001aa3c90c568]

GC Heap History (10 events):
Event: 1.918 GC heap before
{Heap before GC invocations=0 (full 0):
 garbage-first heap   total 194560K, used 20480K [0x0000000742a00000, 0x0000000800000000)
  region size 2048K, 11 young (22528K), 0 survivors (0K)
 Metaspace       used 14032K, committed 14272K, reserved 1114112K
  class space    used 1631K, committed 1728K, reserved 1048576K
}
Event: 1.925 GC heap after
{Heap after GC invocations=1 (full 0):
 garbage-first heap   total 194560K, used 4873K [0x0000000742a00000, 0x0000000800000000)
  region size 2048K, 2 young (4096K), 2 survivors (4096K)
 Metaspace       used 14032K, committed 14272K, reserved 1114112K
  class space    used 1631K, committed 1728K, reserved 1048576K
}
Event: 3.790 GC heap before
{Heap before GC invocations=1 (full 0):
 garbage-first heap   total 194560K, used 23305K [0x0000000742a00000, 0x0000000800000000)
  region size 2048K, 13 young (26624K), 2 survivors (4096K)
 Metaspace       used 21225K, committed 21504K, reserved 1114112K
  class space    used 2581K, committed 2688K, reserved 1048576K
}
Event: 3.800 GC heap after
{Heap after GC invocations=2 (full 0):
 garbage-first heap   total 194560K, used 8022K [0x0000000742a00000, 0x0000000800000000)
  region size 2048K, 2 young (4096K), 2 survivors (4096K)
 Metaspace       used 21225K, committed 21504K, reserved 1114112K
  class space    used 2581K, committed 2688K, reserved 1048576K
}
Event: 29.130 GC heap before
{Heap before GC invocations=3 (full 0):
 garbage-first heap   total 40960K, used 26454K [0x0000000742a00000, 0x0000000800000000)
  region size 2048K, 12 young (24576K), 2 survivors (4096K)
 Metaspace       used 24297K, committed 24576K, reserved 1114112K
  class space    used 3029K, committed 3200K, reserved 1048576K
}
Event: 29.138 GC heap after
{Heap after GC invocations=4 (full 0):
 garbage-first heap   total 40960K, used 8918K [0x0000000742a00000, 0x0000000800000000)
  region size 2048K, 1 young (2048K), 1 survivors (2048K)
 Metaspace       used 24297K, committed 24576K, reserved 1114112K
  class space    used 3029K, committed 3200K, reserved 1048576K
}
Event: 31.775 GC heap before
{Heap before GC invocations=4 (full 0):
 garbage-first heap   total 40960K, used 8918K [0x0000000742a00000, 0x0000000800000000)
  region size 2048K, 2 young (4096K), 1 survivors (2048K)
 Metaspace       used 24432K, committed 24768K, reserved 1114112K
  class space    used 3031K, committed 3200K, reserved 1048576K
}
Event: 31.778 GC heap after
{Heap after GC invocations=5 (full 0):
 garbage-first heap   total 40960K, used 9013K [0x0000000742a00000, 0x0000000800000000)
  region size 2048K, 1 young (2048K), 1 survivors (2048K)
 Metaspace       used 24432K, committed 24768K, reserved 1114112K
  class space    used 3031K, committed 3200K, reserved 1048576K
}
Event: 70.968 GC heap before
{Heap before GC invocations=5 (full 0):
 garbage-first heap   total 40960K, used 25397K [0x0000000742a00000, 0x0000000800000000)
  region size 2048K, 9 young (18432K), 1 survivors (2048K)
 Metaspace       used 24905K, committed 25280K, reserved 1114112K
  class space    used 3079K, committed 3264K, reserved 1048576K
}
Event: 70.972 GC heap after
{Heap after GC invocations=6 (full 0):
 garbage-first heap   total 40960K, used 9255K [0x0000000742a00000, 0x0000000800000000)
  region size 2048K, 1 young (2048K), 1 survivors (2048K)
 Metaspace       used 24905K, committed 25280K, reserved 1114112K
  class space    used 3079K, committed 3264K, reserved 1048576K
}

Dll operation events (7 events):
Event: 0.033 Loaded shared library C:\Users\Lenovo\.vscode\extensions\redhat.java-1.36.0-win32-x64\jre\17.0.13-win32-x86_64\bin\java.dll
Event: 0.334 Loaded shared library C:\Users\Lenovo\.vscode\extensions\redhat.java-1.36.0-win32-x64\jre\17.0.13-win32-x86_64\bin\net.dll
Event: 0.339 Loaded shared library C:\Users\Lenovo\.vscode\extensions\redhat.java-1.36.0-win32-x64\jre\17.0.13-win32-x86_64\bin\nio.dll
Event: 0.352 Loaded shared library C:\Users\Lenovo\.vscode\extensions\redhat.java-1.36.0-win32-x64\jre\17.0.13-win32-x86_64\bin\zip.dll
Event: 0.555 Loaded shared library C:\Users\Lenovo\.vscode\extensions\redhat.java-1.36.0-win32-x64\jre\17.0.13-win32-x86_64\bin\jimage.dll
Event: 0.667 Loaded shared library C:\Users\Lenovo\.vscode\extensions\redhat.java-1.36.0-win32-x64\jre\17.0.13-win32-x86_64\bin\extnet.dll
Event: 1.818 Loaded shared library C:\Users\Lenovo\.vscode\extensions\redhat.java-1.36.0-win32-x64\jre\17.0.13-win32-x86_64\bin\sunmscapi.dll

Deoptimization events (20 events):
Event: 24.211 Thread 0x000001aa37dd7a90 Uncommon trap: trap_request=0xffffff45 fr.pc=0x000001aa43db5f84 relative=0x00000000000000e4
Event: 24.211 Thread 0x000001aa37dd7a90 Uncommon trap: reason=unstable_if action=reinterpret pc=0x000001aa43db5f84 method=java.util.HashMap.hash(Ljava/lang/Object;)I @ 1 c2
Event: 24.211 Thread 0x000001aa37dd7a90 DEOPT PACKING pc=0x000001aa43db5f84 sp=0x00000015b85fbc80
Event: 24.211 Thread 0x000001aa37dd7a90 DEOPT UNPACKING pc=0x000001aa438069a3 sp=0x00000015b85fbbc0 mode 2
Event: 24.212 Thread 0x000001aa37dd7a90 Uncommon trap: trap_request=0xffffff45 fr.pc=0x000001aa43e01798 relative=0x0000000000000098
Event: 24.212 Thread 0x000001aa37dd7a90 Uncommon trap: reason=unstable_if action=reinterpret pc=0x000001aa43e01798 method=java.util.HashMap.hash(Ljava/lang/Object;)I @ 1 c2
Event: 24.212 Thread 0x000001aa37dd7a90 DEOPT PACKING pc=0x000001aa43e01798 sp=0x00000015b85fbc30
Event: 24.212 Thread 0x000001aa37dd7a90 DEOPT UNPACKING pc=0x000001aa438069a3 sp=0x00000015b85fbbc8 mode 2
Event: 24.528 Thread 0x000001aa37dd7a90 DEOPT PACKING pc=0x000001aa3c741893 sp=0x00000015b85fbcd0
Event: 24.528 Thread 0x000001aa37dd7a90 DEOPT UNPACKING pc=0x000001aa43807143 sp=0x00000015b85fb180 mode 0
Event: 34.739 Thread 0x000001aa37dd7a90 Uncommon trap: trap_request=0xffffffcc fr.pc=0x000001aa43e57184 relative=0x0000000000000364
Event: 34.739 Thread 0x000001aa37dd7a90 Uncommon trap: reason=intrinsic_or_type_checked_inlining action=make_not_entrant pc=0x000001aa43e57184 method=java.util.Arrays.copyOf([Ljava/lang/Object;ILjava/lang/Class;)[Ljava/lang/Object; @ 35 c2
Event: 34.739 Thread 0x000001aa37dd7a90 DEOPT PACKING pc=0x000001aa43e57184 sp=0x00000015b85fb180
Event: 34.739 Thread 0x000001aa37dd7a90 DEOPT UNPACKING pc=0x000001aa438069a3 sp=0x00000015b85fb128 mode 2
Event: 66.786 Thread 0x000001aa5ac7ddf0 Uncommon trap: trap_request=0xffffff54 fr.pc=0x000001aa43df472c relative=0x000000000000506c
Event: 66.786 Thread 0x000001aa5ac7ddf0 Uncommon trap: reason=speculate_null_assert action=make_not_entrant pc=0x000001aa43df472c method=java.lang.invoke.MethodType$ConcurrentWeakInternSet.add(Ljava/lang/Object;)Ljava/lang/Object; @ 47 c2
Event: 66.786 Thread 0x000001aa5ac7ddf0 DEOPT PACKING pc=0x000001aa43df472c sp=0x00000015ba4fe3d0
Event: 66.786 Thread 0x000001aa5ac7ddf0 DEOPT UNPACKING pc=0x000001aa438069a3 sp=0x00000015ba4fe378 mode 2
Event: 69.872 Thread 0x000001aa55984930 DEOPT PACKING pc=0x000001aa3c875a0c sp=0x00000015bb6fe040
Event: 69.872 Thread 0x000001aa55984930 DEOPT UNPACKING pc=0x000001aa43807143 sp=0x00000015bb6fd4c0 mode 0

Classes loaded (20 events):
Event: 24.212 Loading class java/time/Period
Event: 24.212 Loading class java/time/chrono/ChronoPeriod
Event: 24.212 Loading class java/time/chrono/ChronoPeriod done
Event: 24.212 Loading class java/time/Period done
Event: 24.213 Loading class java/time/format/DateTimePrintContext
Event: 24.213 Loading class java/time/format/DateTimePrintContext done
Event: 24.213 Loading class java/time/format/DateTimeFormatterBuilder$2
Event: 24.213 Loading class java/time/format/DateTimeFormatterBuilder$2 done
Event: 32.232 Loading class java/util/concurrent/ConcurrentHashMap$EntrySpliterator
Event: 32.232 Loading class java/util/concurrent/ConcurrentHashMap$EntrySpliterator done
Event: 32.236 Loading class java/util/Collections$ReverseComparator
Event: 32.236 Loading class java/util/Collections$ReverseComparator done
Event: 32.236 Loading class java/util/Collections$ReverseComparator2
Event: 32.236 Loading class java/util/Collections$ReverseComparator2 done
Event: 32.256 Loading class java/util/stream/Streams$RangeIntSpliterator
Event: 32.256 Loading class java/util/stream/Streams$RangeIntSpliterator done
Event: 32.259 Loading class java/util/stream/IntPipeline$1
Event: 32.259 Loading class java/util/stream/IntPipeline$1 done
Event: 32.259 Loading class java/util/stream/IntPipeline$1$1
Event: 32.259 Loading class java/util/stream/IntPipeline$1$1 done

Classes unloaded (0 events):
No events

Classes redefined (0 events):
No events

Internal exceptions (20 events):
Event: 4.896 Thread 0x000001aa5ac7ed20 Exception <a 'java/net/SocketException'{0x000000074484c478}: Socket is not connected: shutdown> (0x000000074484c478) 
thrown [s\src\hotspot\share\prims\jni.cpp, line 535]
Event: 4.934 Thread 0x000001aa5ac7ed20 Exception <a 'java/net/ConnectException'{0x000000074484d490}: Connection refused: getsockopt> (0x000000074484d490) 
thrown [s\src\hotspot\share\prims\jni.cpp, line 535]
Event: 4.934 Thread 0x000001aa5ac7ed20 Exception <a 'java/net/SocketException'{0x000000074484d7c8}: Socket is not connected: shutdown> (0x000000074484d7c8) 
thrown [s\src\hotspot\share\prims\jni.cpp, line 535]
Event: 4.982 Thread 0x000001aa5ac7ed20 Exception <a 'java/net/ConnectException'{0x000000074484e710}: Connection refused: getsockopt> (0x000000074484e710) 
thrown [s\src\hotspot\share\prims\jni.cpp, line 535]
Event: 4.982 Thread 0x000001aa5ac7ed20 Exception <a 'java/net/SocketException'{0x000000074484ea48}: Socket is not connected: shutdown> (0x000000074484ea48) 
thrown [s\src\hotspot\share\prims\jni.cpp, line 535]
Event: 5.060 Thread 0x000001aa37dd7a90 Exception <a 'java/lang/NoSuchMethodError'{0x0000000744943d80}: 'java.lang.Object java.lang.invoke.DirectMethodHandle$Holder.newInvokeSpecial(java.lang.Object, java.lang.Object, int, int)'> (0x0000000744943d80) 
thrown [s\src\hotspot\share\interpreter\linkResolver.cpp, line 759]
Event: 6.657 Thread 0x000001aa37dd7a90 Exception <a 'java/lang/NoSuchMethodError'{0x000000074468ed08}: 'java.lang.Object java.lang.invoke.DirectMethodHandle$Holder.invokeSpecialIFC(java.lang.Object, java.lang.Object, java.lang.Object)'> (0x000000074468ed08) 
thrown [s\src\hotspot\share\interpreter\linkResolver.cpp, line 759]
Event: 24.211 Thread 0x000001aa37dd7a90 Implicit null exception at 0x000001aa43db5ee0 to 0x000001aa43db5f7a
Event: 24.212 Thread 0x000001aa37dd7a90 Implicit null exception at 0x000001aa43e0170f to 0x000001aa43e01789
Event: 32.263 Thread 0x000001aa37dd7a90 Exception <a 'java/lang/IncompatibleClassChangeError'{0x000000074ca35fd8}: Found class java.lang.Object, but interface was expected> (0x000000074ca35fd8) 
thrown [s\src\hotspot\share\interpreter\linkResolver.cpp, line 826]
Event: 32.285 Thread 0x000001aa37dd7a90 Exception <a 'java/net/SocketException'{0x000000074ca6bf50}: Socket is not connected: shutdown> (0x000000074ca6bf50) 
thrown [s\src\hotspot\share\prims\jni.cpp, line 535]
Event: 32.286 Thread 0x000001aa37dd7a90 Exception <a 'java/net/SocketException'{0x000000074ca6cd08}: Socket is not connected: shutdown> (0x000000074ca6cd08) 
thrown [s\src\hotspot\share\prims\jni.cpp, line 535]
Event: 33.140 Thread 0x000001aa5ac7ed20 Exception <a 'java/net/ConnectException'{0x000000074caf18c0}: Connection refused: getsockopt> (0x000000074caf18c0) 
thrown [s\src\hotspot\share\prims\jni.cpp, line 535]
Event: 33.141 Thread 0x000001aa5ac7ed20 Exception <a 'java/net/SocketException'{0x000000074caf1bf8}: Socket is not connected: shutdown> (0x000000074caf1bf8) 
thrown [s\src\hotspot\share\prims\jni.cpp, line 535]
Event: 33.162 Thread 0x000001aa5ac7ed20 Exception <a 'java/net/ConnectException'{0x000000074caf2bf0}: Connection refused: getsockopt> (0x000000074caf2bf0) 
thrown [s\src\hotspot\share\prims\jni.cpp, line 535]
Event: 33.162 Thread 0x000001aa5ac7ed20 Exception <a 'java/net/SocketException'{0x000000074caf2f28}: Socket is not connected: shutdown> (0x000000074caf2f28) 
thrown [s\src\hotspot\share\prims\jni.cpp, line 535]
Event: 33.194 Thread 0x000001aa5ac7ed20 Exception <a 'java/net/ConnectException'{0x000000074caf3f20}: Connection refused: getsockopt> (0x000000074caf3f20) 
thrown [s\src\hotspot\share\prims\jni.cpp, line 535]
Event: 33.194 Thread 0x000001aa5ac7ed20 Exception <a 'java/net/SocketException'{0x000000074caf4258}: Socket is not connected: shutdown> (0x000000074caf4258) 
thrown [s\src\hotspot\share\prims\jni.cpp, line 535]
Event: 71.297 Thread 0x000001aa37dd7a90 Exception <a 'java/net/SocketException'{0x000000074e6495c8}: Socket is not connected: shutdown> (0x000000074e6495c8) 
thrown [s\src\hotspot\share\prims\jni.cpp, line 535]
Event: 71.307 Thread 0x000001aa37dd7a90 Exception <a 'java/net/SocketException'{0x000000074e64a380}: Socket is not connected: shutdown> (0x000000074e64a380) 
thrown [s\src\hotspot\share\prims\jni.cpp, line 535]

VM Operations (20 events):
Event: 53.927 Executing VM operation: Cleanup
Event: 53.927 Executing VM operation: Cleanup done
Event: 56.952 Executing VM operation: Cleanup
Event: 56.952 Executing VM operation: Cleanup done
Event: 60.175 Executing VM operation: HandshakeAllThreads
Event: 60.175 Executing VM operation: HandshakeAllThreads done
Event: 61.176 Executing VM operation: Cleanup
Event: 61.176 Executing VM operation: Cleanup done
Event: 62.176 Executing VM operation: Cleanup
Event: 62.176 Executing VM operation: Cleanup done
Event: 65.191 Executing VM operation: Cleanup
Event: 65.192 Executing VM operation: Cleanup done
Event: 66.192 Executing VM operation: Cleanup
Event: 66.193 Executing VM operation: Cleanup done
Event: 67.206 Executing VM operation: Cleanup
Event: 67.206 Executing VM operation: Cleanup done
Event: 70.225 Executing VM operation: Cleanup
Event: 70.225 Executing VM operation: Cleanup done
Event: 70.968 Executing VM operation: G1CollectForAllocation
Event: 70.972 Executing VM operation: G1CollectForAllocation done

Memory protections (0 events):
No events

Nmethod flushes (0 events):
No events

Events (20 events):
Event: 10.036 Thread 0x000001aa5ac7f740 Thread exited: 0x000001aa5ac7f740
Event: 32.303 Thread 0x000001aa37dd7a90 Thread added: 0x000001aa5ac7f740
Event: 33.120 Thread 0x000001aa5ac7f740 Thread exited: 0x000001aa5ac7f740
Event: 33.128 Thread 0x000001aa37dd7a90 Thread added: 0x000001aa55986280
Event: 33.139 Thread 0x000001aa37dd7a90 Thread added: 0x000001aa559876c0
Event: 33.139 Thread 0x000001aa37dd7a90 Thread added: 0x000001aa5598a960
Event: 33.140 Thread 0x000001aa37dd7a90 Thread added: 0x000001aa55987bd0
Event: 33.243 Thread 0x000001aa5ac7ed20 Thread added: 0x000001aa559871b0
Event: 33.248 Thread 0x000001aa37dd7a90 Thread added: 0x000001aa55984930
Event: 33.250 Thread 0x000001aa55986280 Thread added: 0x000001aa55989010
Event: 34.720 Thread 0x000001aa37dd7a90 Thread added: 0x000001aa55989a30
Event: 34.721 Thread 0x000001aa37dd7a90 Thread added: 0x000001aa55989f40
Event: 34.725 Thread 0x000001aa55989a30 Thread added: 0x000001aa55984e40
Event: 34.731 Thread 0x000001aa55989a30 Thread added: 0x000001aa559880e0
Event: 34.749 Thread 0x000001aa55986280 Thread added: 0x000001aa5598a450
Event: 38.254 Thread 0x000001aa559871b0 Thread exited: 0x000001aa559871b0
Event: 66.786 Thread 0x000001aa5ac7cec0 Thread exited: 0x000001aa5ac7cec0
Event: 66.786 Thread 0x000001aa5ac7ddf0 Thread exited: 0x000001aa5ac7ddf0
Event: 66.801 Thread 0x000001aa5ac7d3d0 Thread exited: 0x000001aa5ac7d3d0
Event: 71.347 Thread 0x000001aa37dd7a90 Thread added: 0x000001aa55986790


Dynamic libraries:
0x00007ff766e00000 - 0x00007ff766e0e000 	C:\Users\Lenovo\.vscode\extensions\redhat.java-1.36.0-win32-x64\jre\17.0.13-win32-x86_64\bin\java.exe
0x00007fffbc810000 - 0x00007fffbca08000 	C:\WINDOWS\SYSTEM32\ntdll.dll
0x00007fffbbbd0000 - 0x00007fffbbc91000 	C:\WINDOWS\System32\KERNEL32.DLL
0x00007fffb9ec0000 - 0x00007fffba1bd000 	C:\WINDOWS\System32\KERNELBASE.dll
0x00007fffba240000 - 0x00007fffba340000 	C:\WINDOWS\System32\ucrtbase.dll
0x00007fffa7470000 - 0x00007fffa7487000 	C:\Users\Lenovo\.vscode\extensions\redhat.java-1.36.0-win32-x64\jre\17.0.13-win32-x86_64\bin\jli.dll
0x00007fffa1b50000 - 0x00007fffa1b6e000 	C:\Users\Lenovo\.vscode\extensions\redhat.java-1.36.0-win32-x64\jre\17.0.13-win32-x86_64\bin\VCRUNTIME140.dll
0x00007fffba870000 - 0x00007fffbaa0d000 	C:\WINDOWS\System32\USER32.dll
0x00007fffa15c0000 - 0x00007fffa185a000 	C:\WINDOWS\WinSxS\amd64_microsoft.windows.common-controls_6595b64144ccf1df_6.0.19041.4355_none_60b8b9eb71f62e16\COMCTL32.dll
0x00007fffbb8e0000 - 0x00007fffbb97e000 	C:\WINDOWS\System32\msvcrt.dll
0x00007fffba340000 - 0x00007fffba362000 	C:\WINDOWS\System32\win32u.dll
0x00007fffba840000 - 0x00007fffba86b000 	C:\WINDOWS\System32\GDI32.dll
0x00007fffba510000 - 0x00007fffba627000 	C:\WINDOWS\System32\gdi32full.dll
0x00007fffba370000 - 0x00007fffba40d000 	C:\WINDOWS\System32\msvcp_win.dll
0x00007fffbbe90000 - 0x00007fffbbebf000 	C:\WINDOWS\System32\IMM32.DLL
0x00007fffb5c00000 - 0x00007fffb5c0c000 	C:\Users\Lenovo\.vscode\extensions\redhat.java-1.36.0-win32-x64\jre\17.0.13-win32-x86_64\bin\vcruntime140_1.dll
0x00007fff7e620000 - 0x00007fff7e6ad000 	C:\Users\Lenovo\.vscode\extensions\redhat.java-1.36.0-win32-x64\jre\17.0.13-win32-x86_64\bin\msvcp140.dll
0x00007fff4a810000 - 0x00007fff4b47b000 	C:\Users\Lenovo\.vscode\extensions\redhat.java-1.36.0-win32-x64\jre\17.0.13-win32-x86_64\bin\server\jvm.dll
0x00007fffbbb10000 - 0x00007fffbbbc0000 	C:\WINDOWS\System32\ADVAPI32.dll
0x00007fffbbcb0000 - 0x00007fffbbd50000 	C:\WINDOWS\System32\sechost.dll
0x00007fffbb9e0000 - 0x00007fffbbb03000 	C:\WINDOWS\System32\RPCRT4.dll
0x00007fffba1c0000 - 0x00007fffba1e7000 	C:\WINDOWS\System32\bcrypt.dll
0x00007fffbb870000 - 0x00007fffbb8db000 	C:\WINDOWS\System32\WS2_32.dll
0x00007fffb3af0000 - 0x00007fffb3b17000 	C:\WINDOWS\SYSTEM32\WINMM.dll
0x00007fffb0440000 - 0x00007fffb044a000 	C:\WINDOWS\SYSTEM32\VERSION.dll
0x00007fffb9440000 - 0x00007fffb948b000 	C:\WINDOWS\SYSTEM32\POWRPROF.dll
0x00007fffb92b0000 - 0x00007fffb92c2000 	C:\WINDOWS\SYSTEM32\UMPDC.dll
0x00007fffb8700000 - 0x00007fffb8712000 	C:\WINDOWS\SYSTEM32\kernel.appcore.dll
0x00007fffb5b60000 - 0x00007fffb5b6a000 	C:\Users\Lenovo\.vscode\extensions\redhat.java-1.36.0-win32-x64\jre\17.0.13-win32-x86_64\bin\jimage.dll
0x00007fffb84b0000 - 0x00007fffb8694000 	C:\WINDOWS\SYSTEM32\DBGHELP.DLL
0x00007fff9b700000 - 0x00007fff9b734000 	C:\WINDOWS\SYSTEM32\dbgcore.DLL
0x00007fffba480000 - 0x00007fffba502000 	C:\WINDOWS\System32\bcryptPrimitives.dll
0x00007fff89540000 - 0x00007fff89565000 	C:\Users\Lenovo\.vscode\extensions\redhat.java-1.36.0-win32-x64\jre\17.0.13-win32-x86_64\bin\java.dll
0x00007fffa1b30000 - 0x00007fffa1b48000 	C:\Users\Lenovo\.vscode\extensions\redhat.java-1.36.0-win32-x64\jre\17.0.13-win32-x86_64\bin\zip.dll
0x00007fffbb030000 - 0x00007fffbb79f000 	C:\WINDOWS\System32\SHELL32.dll
0x00007fffb7d10000 - 0x00007fffb84af000 	C:\WINDOWS\SYSTEM32\windows.storage.dll
0x00007fffbaa10000 - 0x00007fffbad63000 	C:\WINDOWS\System32\combase.dll
0x00007fffb98e0000 - 0x00007fffb990e000 	C:\WINDOWS\SYSTEM32\Wldp.dll
0x00007fffbb7a0000 - 0x00007fffbb86d000 	C:\WINDOWS\System32\OLEAUT32.dll
0x00007fffbaea0000 - 0x00007fffbaf4d000 	C:\WINDOWS\System32\SHCORE.dll
0x00007fffbaf50000 - 0x00007fffbafa5000 	C:\WINDOWS\System32\shlwapi.dll
0x00007fffb9df0000 - 0x00007fffb9e14000 	C:\WINDOWS\SYSTEM32\profapi.dll
0x00007fff947e0000 - 0x00007fff947f9000 	C:\Users\Lenovo\.vscode\extensions\redhat.java-1.36.0-win32-x64\jre\17.0.13-win32-x86_64\bin\net.dll
0x00007fffb5590000 - 0x00007fffb569d000 	C:\WINDOWS\SYSTEM32\WINHTTP.dll
0x00007fffb9640000 - 0x00007fffb96aa000 	C:\WINDOWS\system32\mswsock.dll
0x00007fff88f10000 - 0x00007fff88f26000 	C:\Users\Lenovo\.vscode\extensions\redhat.java-1.36.0-win32-x64\jre\17.0.13-win32-x86_64\bin\nio.dll
0x00007fffb92d0000 - 0x00007fffb930b000 	C:\WINDOWS\SYSTEM32\IPHLPAPI.DLL
0x00007fffbc7c0000 - 0x00007fffbc7c8000 	C:\WINDOWS\System32\NSI.dll
0x00007fffb1ef0000 - 0x00007fffb1f07000 	C:\WINDOWS\SYSTEM32\dhcpcsvc6.DLL
0x00007fffb2000000 - 0x00007fffb201d000 	C:\WINDOWS\SYSTEM32\dhcpcsvc.DLL
0x00007fffb9320000 - 0x00007fffb93ea000 	C:\WINDOWS\SYSTEM32\DNSAPI.dll
0x00007fffb5d00000 - 0x00007fffb5d09000 	C:\Users\Lenovo\.vscode\extensions\redhat.java-1.36.0-win32-x64\jre\17.0.13-win32-x86_64\bin\extnet.dll
0x00007fffb6270000 - 0x00007fffb627e000 	C:\Users\Lenovo\.vscode\extensions\redhat.java-1.36.0-win32-x64\jre\17.0.13-win32-x86_64\bin\sunmscapi.dll
0x00007fffba630000 - 0x00007fffba78e000 	C:\WINDOWS\System32\CRYPT32.dll
0x00007fffb9950000 - 0x00007fffb9979000 	C:\WINDOWS\SYSTEM32\ncrypt.dll
0x00007fffb9910000 - 0x00007fffb994b000 	C:\WINDOWS\SYSTEM32\NTASN1.dll
0x00007fffb9830000 - 0x00007fffb9848000 	C:\WINDOWS\SYSTEM32\CRYPTSP.dll
0x00007fffb8ef0000 - 0x00007fffb8f24000 	C:\WINDOWS\system32\rsaenh.dll
0x00007fffb9da0000 - 0x00007fffb9dce000 	C:\WINDOWS\SYSTEM32\USERENV.dll
0x00007fffb9850000 - 0x00007fffb985c000 	C:\WINDOWS\SYSTEM32\CRYPTBASE.dll
0x00007fffb5cb0000 - 0x00007fffb5cb7000 	C:\WINDOWS\system32\wshunix.dll
0x00007fffb1720000 - 0x00007fffb172a000 	C:\Windows\System32\rasadhlp.dll
0x00007fffa32f0000 - 0x00007fffa3370000 	C:\WINDOWS\System32\fwpuclnt.dll

dbghelp: loaded successfully - version: 4.0.5 - missing functions: none
symbol engine: initialized successfully - sym options: 0x614 - pdb path: .;C:\Users\Lenovo\.vscode\extensions\redhat.java-1.36.0-win32-x64\jre\17.0.13-win32-x86_64\bin;C:\WINDOWS\SYSTEM32;C:\WINDOWS\WinSxS\amd64_microsoft.windows.common-controls_6595b64144ccf1df_6.0.19041.4355_none_60b8b9eb71f62e16;C:\Users\Lenovo\.vscode\extensions\redhat.java-1.36.0-win32-x64\jre\17.0.13-win32-x86_64\bin\server

VM Arguments:
jvm_args: -ea -XX:+ShowCodeDetailsInExceptionMessages -Dfile.encoding=UTF-8 
java_command: org.eclipse.jdt.internal.junit.runner.RemoteTestRunner -version 3 -port 61599 -testLoaderClass org.eclipse.jdt.internal.junit5.runner.JUnit5TestLoader -loaderpluginname org.eclipse.jdt.junit5.runtime -test MainCode.JobsLaunchTests.ADLaunchTest:ADLaunch
java_class_path (initial): d:\dealsignal\VS Code Workspace\SeleniumJava\SeleniumJava\target\test-classes;d:\dealsignal\VS Code Workspace\SeleniumJava\SeleniumJava\target\classes;c:\Users\Lenovo\.m2\repository\org\seleniumhq\selenium\selenium-java\4.25.0\selenium-java-4.25.0.jar;c:\Users\Lenovo\.m2\repository\org\seleniumhq\selenium\selenium-api\4.25.0\selenium-api-4.25.0.jar;c:\Users\Lenovo\.m2\repository\org\jspecify\jspecify\1.0.0\jspecify-1.0.0.jar;c:\Users\Lenovo\.m2\repository\org\seleniumhq\selenium\selenium-chrome-driver\4.25.0\selenium-chrome-driver-4.25.0.jar;c:\Users\Lenovo\.m2\repository\com\google\auto\service\auto-service-annotations\1.1.1\auto-service-annotations-1.1.1.jar;c:\Users\Lenovo\.m2\repository\org\seleniumhq\selenium\selenium-chromium-driver\4.25.0\selenium-chromium-driver-4.25.0.jar;c:\Users\Lenovo\.m2\repository\org\seleniumhq\selenium\selenium-json\4.25.0\selenium-json-4.25.0.jar;c:\Users\Lenovo\.m2\repository\org\seleniumhq\selenium\selenium-manager\4.25.0\selenium-manager-4.25.0.jar;c:\Users\Lenovo\.m2\repository\org\seleniumhq\selenium\selenium-devtools-v127\4.25.0\selenium-devtools-v127-4.25.0.jar;c:\Users\Lenovo\.m2\repository\org\seleniumhq\selenium\selenium-devtools-v128\4.25.0\selenium-devtools-v128-4.25.0.jar;c:\Users\Lenovo\.m2\repository\org\seleniumhq\selenium\selenium-devtools-v129\4.25.0\selenium-devtools-v129-4.25.0.jar;c:\Users\Lenovo\.m2\repository\org\seleniumhq\selenium\selenium-devtools-v85\4.25.0\selenium-devtools-v85-4.25.0.jar;c:\Users\Lenovo\.m2\repository\org\seleniumhq\selenium\selenium-edge-driver\4.25.0\selenium-edge-driver-4.25.0.jar;c:\Users\Lenovo\.m2\repository\org\seleniumhq\selenium\selenium-firefox-driver\4.25.0\selenium-firefox-driver-4.25.0.jar;c:\Users\Lenovo\.m2\repository\org\seleniumhq\selenium\selenium-http\4.25.0\selenium-http-4.25.0.jar;c:\Users\Lenovo\.m2\repository\dev\failsafe\failsafe\3.3.2\failsafe-3.3.2.jar;c:\Users\Lenovo\.m2\repository\org\seleniumhq\selenium\selenium-ie-driver\4.25.0\s
Launcher Type: SUN_STANDARD

[Global flags]
     intx CICompilerCount                          = 4                                         {product} {ergonomic}
     uint ConcGCThreads                            = 2                                         {product} {ergonomic}
     uint G1ConcRefinementThreads                  = 8                                         {product} {ergonomic}
   size_t G1HeapRegionSize                         = 2097152                                   {product} {ergonomic}
    uintx GCDrainStackTargetSize                   = 64                                        {product} {ergonomic}
   size_t InitialHeapSize                          = 199229440                                 {product} {ergonomic}
   size_t MarkStackSize                            = 4194304                                   {product} {ergonomic}
   size_t MaxHeapSize                              = 3177185280                                {product} {ergonomic}
   size_t MaxNewSize                               = 1906311168                                {product} {ergonomic}
   size_t MinHeapDeltaBytes                        = 2097152                                   {product} {ergonomic}
   size_t MinHeapSize                              = 8388608                                   {product} {ergonomic}
    uintx NonNMethodCodeHeapSize                   = 5839372                                {pd product} {ergonomic}
    uintx NonProfiledCodeHeapSize                  = 122909434                              {pd product} {ergonomic}
    uintx ProfiledCodeHeapSize                     = 122909434                              {pd product} {ergonomic}
    uintx ReservedCodeCacheSize                    = 251658240                              {pd product} {ergonomic}
     bool SegmentedCodeCache                       = true                                      {product} {ergonomic}
     bool ShowCodeDetailsInExceptionMessages       = true                                   {manageable} {command line}
   size_t SoftMaxHeapSize                          = 3177185280                             {manageable} {ergonomic}
     bool UseCompressedClassPointers               = true                           {product lp64_product} {ergonomic}
     bool UseCompressedOops                        = true                           {product lp64_product} {ergonomic}
     bool UseG1GC                                  = true                                      {product} {ergonomic}
     bool UseLargePagesIndividualAllocation        = false                                  {pd product} {ergonomic}

Logging:
Log output configuration:
 #0: stdout all=warning uptime,level,tags
 #1: stderr all=off uptime,level,tags

Environment Variables:
JAVA_HOME=C:\Program Files\Java\jdk-21
PATH=C:\Python310\Scripts\;C:\Python310\;C:\Program Files\Common Files\Oracle\Java\javapath;C:\Windows\system32;C:\Windows;C:\Windows\System32\Wbem;C:\Windows\System32\WindowsPowerShell\v1.0\;C:\Windows\System32\OpenSSH\;C:\Program Files\Common Files\Autodesk Shared\;C:\Program Files (x86)\Autodesk\Backburner\;C:\Program Files (x86)\NVIDIA Corporation\PhysX\Common;C:\Program Files\NVIDIA Corporation\NVIDIA NvDLISR;C:\WINDOWS\system32;C:\WINDOWS;C:\WINDOWS\System32\Wbem;C:\WINDOWS\System32\WindowsPowerShell\v1.0\;C:\WINDOWS\System32\OpenSSH\;C:\Program Files\nodejs\;C:\ProgramData\chocolatey\bin;C:\Program Files\Git\cmd;C:\Program Files\dotnet\;C:\Program Files\Java\jdk-21\bin;C:\Program Files\MySQL\MySQL Shell 8.0\bin\;C:\Users\Lenovo\AppData\Local\Microsoft\WindowsApps;D:\bin\maven\bin;D:\Tomcat\apache-tomcat-8.5.61\bin;C:\Program Files\Java\jdk-15.0.1\bin;C:\Users\Lenovo\AppData\Roaming\npm;C:\Users\Lenovo\AppData\Local\Programs\Microsoft VS Code\bin;C:\Program Files\MySQL\MySQL Router 8.0\bin;C:\Program Files\MySQL\MySQL Workbench 8.0;C:\Program Files\MySQL\MySQL Server 8.0\bin;C:\php;;C:\Users\Lenovo\AppData\Local\Programs\Fiddler
USERNAME=Lenovo
OS=Windows_NT
PROCESSOR_IDENTIFIER=Intel64 Family 6 Model 94 Stepping 3, GenuineIntel
TMP=C:\Users\Lenovo\AppData\Local\Temp
TEMP=C:\Users\Lenovo\AppData\Local\Temp



Periodic native trim disabled


---------------  S Y S T E M  ---------------

OS:
 Windows 10 , 64 bit Build 19041 (10.0.19041.4717)
OS uptime: 0 days 6:13 hours

CPU: total 8 (initial active 8) (4 cores per cpu, 2 threads per core) family 6 model 94 stepping 3 microcode 0xcc, cx8, cmov, fxsr, ht, mmx, 3dnowpref, sse, sse2, sse3, ssse3, sse4.1, sse4.2, popcnt, lzcnt, tsc, tscinvbit, avx, avx2, aes, erms, clmul, bmi1, bmi2, rtm, adx, fma, vzeroupper, clflush, clflushopt
Processor Information for all 8 processors :
  Max Mhz: 2601, Current Mhz: 2500, Mhz Limit: 2496

Memory: 4k page, system-wide physical 12115M (1286M free)
TotalPageFile size 14163M (AvailPageFile size 529M)
current process WorkingSet (physical memory assigned to process): 134M, peak: 136M
current process commit charge ("private bytes"): 252M, peak: 311M

vm_info: OpenJDK 64-Bit Server VM (17.0.13+11) for windows-amd64 JRE (17.0.13+11), built on Oct 16 2024 00:10:08 by "admin" with MS VC++ 17.7 (VS2022)

END.
